TN:
SF:install.js
FN:16,(anonymous_0)
FN:32,(anonymous_1)
FN:80,(anonymous_2)
FN:104,(anonymous_3)
FN:112,(anonymous_4)
FN:130,(anonymous_5)
FN:157,(anonymous_6)
FN:215,(anonymous_7)
FN:253,(anonymous_8)
FN:270,(anonymous_9)
FN:273,(anonymous_10)
FN:295,(anonymous_11)
FN:342,main
FN:346,(anonymous_13)
FN:356,(anonymous_14)
FN:357,(anonymous_15)
FN:365,(anonymous_16)
FNF:17
FNH:11
FNDA:10,(anonymous_0)
FNDA:10,(anonymous_1)
FNDA:10,(anonymous_2)
FNDA:9,(anonymous_3)
FNDA:2,(anonymous_4)
FNDA:8,(anonymous_5)
FNDA:8,(anonymous_6)
FNDA:4,(anonymous_7)
FNDA:10,(anonymous_8)
FNDA:8,(anonymous_9)
FNDA:0,(anonymous_10)
FNDA:6,(anonymous_11)
FNDA:0,main
FNDA:0,(anonymous_13)
FNDA:0,(anonymous_14)
FNDA:0,(anonymous_15)
FNDA:0,(anonymous_16)
DA:9,2
DA:10,2
DA:11,2
DA:12,2
DA:13,2
DA:17,10
DA:25,10
DA:33,10
DA:35,10
DA:37,10
DA:38,9
DA:41,9
DA:42,8
DA:45,8
DA:48,8
DA:51,4
DA:54,4
DA:56,4
DA:57,4
DA:58,4
DA:59,4
DA:62,6
DA:65,6
DA:66,6
DA:68,0
DA:71,6
DA:72,6
DA:81,10
DA:82,10
DA:84,10
DA:85,0
DA:88,10
DA:90,9
DA:91,0
DA:94,9
DA:96,1
DA:105,9
DA:106,9
DA:108,9
DA:110,9
DA:111,1
DA:112,2
DA:115,1
DA:121,8
DA:123,1
DA:131,8
DA:133,8
DA:135,8
DA:136,1
DA:137,1
DA:141,8
DA:142,1
DA:143,1
DA:144,1
DA:147,0
DA:158,8
DA:159,8
DA:160,8
DA:161,8
DA:163,8
DA:164,8
DA:165,8
DA:167,8
DA:169,8
DA:175,6
DA:178,6
DA:179,6
DA:180,6
DA:182,6
DA:183,0
DA:186,6
DA:189,6
DA:190,6
DA:191,1
DA:194,5
DA:197,5
DA:198,5
DA:201,4
DA:202,4
DA:204,4
DA:207,4
DA:216,4
DA:218,4
DA:219,4
DA:222,4
DA:223,0
DA:226,4
DA:229,4
DA:230,4
DA:231,0
DA:234,4
DA:237,4
DA:242,4
DA:245,0
DA:254,10
DA:255,6
DA:257,6
DA:258,6
DA:259,6
DA:261,0
DA:271,8
DA:273,8
DA:274,0
DA:277,0
DA:278,0
DA:280,0
DA:281,0
DA:282,0
DA:283,0
DA:285,0
DA:296,6
DA:298,6
DA:300,6
DA:301,1
DA:302,1
DA:303,1
DA:305,5
DA:306,3
DA:307,3
DA:308,3
DA:309,3
DA:311,2
DA:312,0
DA:313,0
DA:314,0
DA:315,0
DA:317,2
DA:318,0
DA:319,0
DA:320,0
DA:322,2
DA:323,1
DA:324,1
DA:325,1
DA:328,1
DA:329,1
DA:330,1
DA:331,1
DA:334,6
DA:335,6
DA:336,6
DA:337,6
DA:344,0
DA:346,0
DA:347,0
DA:348,0
DA:349,0
DA:351,0
DA:353,0
DA:356,0
DA:357,0
DA:360,0
DA:364,2
DA:365,0
DA:366,0
DA:367,0
DA:371,2
LF:157
LH:120
BRDA:84,0,0,0
BRDA:84,0,1,10
BRDA:90,1,0,0
BRDA:90,1,1,9
BRDA:110,2,0,1
BRDA:110,2,1,8
BRDA:135,3,0,1
BRDA:135,3,1,7
BRDA:141,4,0,1
BRDA:141,4,1,7
BRDA:158,5,0,0
BRDA:158,5,1,8
BRDA:182,6,0,0
BRDA:182,6,1,6
BRDA:190,7,0,1
BRDA:190,7,1,5
BRDA:222,8,0,0
BRDA:222,8,1,4
BRDA:230,9,0,0
BRDA:230,9,1,4
BRDA:254,10,0,6
BRDA:254,10,1,4
BRDA:277,11,0,0
BRDA:277,11,1,0
BRDA:280,12,0,0
BRDA:280,12,1,0
BRDA:300,13,0,1
BRDA:300,13,1,5
BRDA:305,14,0,3
BRDA:305,14,1,2
BRDA:305,15,0,5
BRDA:305,15,1,5
BRDA:305,15,2,2
BRDA:311,16,0,0
BRDA:311,16,1,2
BRDA:311,17,0,2
BRDA:311,17,1,2
BRDA:317,18,0,0
BRDA:317,18,1,2
BRDA:322,19,0,1
BRDA:322,19,1,1
BRDA:364,20,0,0
BRDA:364,20,1,2
BRF:43
BRH:30
end_of_record
TN:
SF:bin/flowspec-cli.js
FN:21,main
FN:47,handleError
FN:127,setupSignalHandlers
FN:129,(anonymous_3)
FN:135,(anonymous_4)
FN:141,(anonymous_5)
FN:149,(anonymous_6)
FN:161,(anonymous_7)
FNF:8
FNH:2
FNDA:1,main
FNDA:0,handleError
FNDA:1,setupSignalHandlers
FNDA:0,(anonymous_3)
FNDA:0,(anonymous_4)
FNDA:0,(anonymous_5)
FNDA:0,(anonymous_6)
FNDA:0,(anonymous_7)
DA:16,1
DA:22,1
DA:24,1
DA:27,1
DA:34,0
DA:38,0
DA:39,0
DA:48,0
DA:50,0
DA:51,0
DA:52,0
DA:55,0
DA:59,0
DA:60,0
DA:61,0
DA:62,0
DA:63,0
DA:64,0
DA:65,0
DA:66,0
DA:67,0
DA:68,0
DA:69,0
DA:70,0
DA:71,0
DA:73,0
DA:76,0
DA:77,0
DA:78,0
DA:79,0
DA:80,0
DA:81,0
DA:82,0
DA:83,0
DA:84,0
DA:85,0
DA:87,0
DA:92,0
DA:93,0
DA:94,0
DA:95,0
DA:96,0
DA:97,0
DA:98,0
DA:99,0
DA:100,0
DA:101,0
DA:103,0
DA:107,0
DA:108,0
DA:109,0
DA:110,0
DA:111,0
DA:112,0
DA:113,0
DA:116,0
DA:117,0
DA:118,0
DA:121,0
DA:129,1
DA:130,0
DA:131,0
DA:135,1
DA:136,0
DA:137,0
DA:141,1
DA:142,0
DA:143,0
DA:144,0
DA:145,0
DA:149,1
DA:150,0
DA:151,0
DA:152,0
DA:153,0
DA:158,1
DA:161,1
DA:162,0
DA:163,0
LF:79
LH:10
BRDA:48,0,0,0
BRDA:48,0,1,0
BRDA:55,1,0,0
BRDA:55,1,1,0
BRDA:55,2,0,0
BRDA:55,2,1,0
BRDA:55,2,2,0
BRDA:73,3,0,0
BRDA:73,3,1,0
BRDA:73,4,0,0
BRDA:73,4,1,0
BRDA:87,5,0,0
BRDA:87,5,1,0
BRDA:87,6,0,0
BRDA:87,6,1,0
BRDA:87,6,2,0
BRDA:87,6,3,0
BRDA:103,7,0,0
BRDA:103,7,1,0
BRDA:103,8,0,0
BRDA:103,8,1,0
BRDA:103,8,2,0
BRDA:143,9,0,0
BRDA:143,9,1,0
BRF:24
BRH:0
end_of_record
TN:
SF:lib/binary.js
FN:29,(anonymous_0)
FN:50,(anonymous_1)
FN:90,(anonymous_2)
FN:119,(anonymous_3)
FN:144,(anonymous_4)
FN:167,(anonymous_5)
FN:188,(anonymous_6)
FN:205,(anonymous_7)
FN:231,(anonymous_8)
FN:260,(anonymous_9)
FN:322,(anonymous_10)
FN:323,(anonymous_11)
FN:335,(anonymous_12)
FN:342,(anonymous_13)
FN:350,(anonymous_14)
FN:361,(anonymous_15)
FN:365,(anonymous_16)
FN:371,(anonymous_17)
FN:377,(anonymous_18)
FN:383,(anonymous_19)
FN:384,(anonymous_20)
FNF:21
FNH:7
FNDA:1,(anonymous_0)
FNDA:1,(anonymous_1)
FNDA:1,(anonymous_2)
FNDA:1,(anonymous_3)
FNDA:0,(anonymous_4)
FNDA:0,(anonymous_5)
FNDA:1,(anonymous_6)
FNDA:1,(anonymous_7)
FNDA:0,(anonymous_8)
FNDA:1,(anonymous_9)
FNDA:0,(anonymous_10)
FNDA:0,(anonymous_11)
FNDA:0,(anonymous_12)
FNDA:0,(anonymous_13)
FNDA:0,(anonymous_14)
FNDA:0,(anonymous_15)
FNDA:0,(anonymous_16)
FNDA:0,(anonymous_17)
FNDA:0,(anonymous_18)
FNDA:0,(anonymous_19)
FNDA:0,(anonymous_20)
DA:6,6
DA:7,6
DA:8,6
DA:9,6
DA:10,6
DA:16,6
DA:30,1
DA:32,1
DA:33,1
DA:34,1
DA:35,1
DA:37,1
DA:39,0
DA:51,1
DA:53,1
DA:54,1
DA:57,1
DA:58,0
DA:59,0
DA:62,1
DA:63,0
DA:66,1
DA:67,1
DA:70,0
DA:71,0
DA:74,0
DA:76,0
DA:91,1
DA:99,1
DA:101,1
DA:103,0
DA:105,0
DA:107,0
DA:109,0
DA:120,1
DA:122,1
DA:123,1
DA:124,0
DA:127,1
DA:129,1
DA:130,0
DA:133,1
DA:135,0
DA:145,0
DA:146,0
DA:147,0
DA:148,0
DA:150,0
DA:158,0
DA:168,0
DA:169,0
DA:171,0
DA:172,0
DA:173,0
DA:175,0
DA:178,0
DA:189,1
DA:192,1
DA:193,0
DA:196,1
DA:206,1
DA:208,1
DA:209,1
DA:213,0
DA:214,0
DA:218,0
DA:220,0
DA:221,0
DA:232,0
DA:233,0
DA:234,0
DA:238,0
DA:239,0
DA:244,0
DA:245,0
DA:248,0
DA:250,0
DA:261,1
DA:262,1
DA:263,1
DA:266,1
DA:267,0
DA:271,1
DA:272,1
DA:273,1
DA:274,1
DA:276,1
DA:278,1
DA:283,0
DA:284,0
DA:286,0
DA:287,0
DA:291,0
DA:292,0
DA:293,0
DA:297,0
DA:300,0
DA:301,0
DA:304,0
DA:306,0
DA:309,0
DA:310,0
DA:323,0
DA:324,0
DA:330,0
DA:332,0
DA:333,0
DA:335,0
DA:336,0
DA:337,0
DA:338,0
DA:342,0
DA:343,0
DA:344,0
DA:345,0
DA:346,0
DA:350,0
DA:351,0
DA:352,0
DA:353,0
DA:354,0
DA:355,0
DA:357,0
DA:361,0
DA:362,0
DA:365,0
DA:366,0
DA:370,0
DA:371,0
DA:372,0
DA:377,0
DA:378,0
DA:379,0
DA:383,0
DA:384,0
DA:389,6
LF:136
LH:45
BRDA:29,0,0,0
BRDA:50,1,0,1
BRDA:57,2,0,0
BRDA:57,2,1,1
BRDA:62,3,0,0
BRDA:62,3,1,1
BRDA:70,4,0,0
BRDA:70,4,1,0
BRDA:90,5,0,0
BRDA:90,6,0,0
BRDA:119,7,0,0
BRDA:123,8,0,0
BRDA:123,8,1,1
BRDA:129,9,0,0
BRDA:129,9,1,1
BRDA:144,10,0,0
BRDA:167,11,0,0
BRDA:171,12,0,0
BRDA:171,12,1,0
BRDA:192,13,0,0
BRDA:192,13,1,1
BRDA:208,14,0,1
BRDA:208,14,1,0
BRDA:213,15,0,0
BRDA:213,15,1,0
BRDA:233,16,0,0
BRDA:233,16,1,0
BRDA:238,17,0,0
BRDA:238,17,1,0
BRDA:239,18,0,0
BRDA:239,18,1,0
BRDA:263,19,0,0
BRDA:263,19,1,1
BRDA:266,20,0,0
BRDA:266,20,1,1
BRDA:286,21,0,0
BRDA:286,21,1,0
BRDA:292,22,0,0
BRDA:292,22,1,0
BRDA:327,23,0,0
BRDA:327,23,1,0
BRDA:336,24,0,0
BRDA:336,24,1,0
BRDA:343,25,0,0
BRDA:343,25,1,0
BRDA:351,26,0,0
BRDA:351,26,1,0
BRDA:354,27,0,0
BRDA:354,27,1,0
BRDA:362,28,0,0
BRDA:362,28,1,0
BRDA:370,29,0,0
BRDA:370,29,1,0
BRDA:378,30,0,0
BRDA:378,30,1,0
BRF:55
BRH:9
end_of_record
TN:
SF:lib/download.js
FN:36,(anonymous_0)
FN:73,(anonymous_1)
FN:97,(anonymous_2)
FN:137,(anonymous_3)
FN:171,(anonymous_4)
FN:201,(anonymous_5)
FN:235,(anonymous_6)
FN:267,(anonymous_7)
FN:268,(anonymous_8)
FN:283,(anonymous_9)
FN:300,(anonymous_10)
FN:311,(anonymous_11)
FN:316,(anonymous_12)
FN:317,(anonymous_13)
FN:323,(anonymous_14)
FN:337,(anonymous_15)
FN:338,(anonymous_16)
FN:347,(anonymous_17)
FN:362,(anonymous_18)
FN:366,(anonymous_19)
FN:372,(anonymous_20)
FN:385,(anonymous_21)
FN:419,(anonymous_22)
FN:420,(anonymous_23)
FN:424,(anonymous_24)
FN:428,(anonymous_25)
FN:442,(anonymous_26)
FN:443,(anonymous_27)
FN:455,(anonymous_28)
FN:456,(anonymous_29)
FN:466,(anonymous_30)
FN:473,(anonymous_31)
FN:481,(anonymous_32)
FN:492,(anonymous_33)
FN:496,(anonymous_34)
FN:500,(anonymous_35)
FN:508,(anonymous_36)
FN:514,(anonymous_37)
FNF:38
FNH:6
FNDA:1,(anonymous_0)
FNDA:0,(anonymous_1)
FNDA:0,(anonymous_2)
FNDA:0,(anonymous_3)
FNDA:0,(anonymous_4)
FNDA:0,(anonymous_5)
FNDA:0,(anonymous_6)
FNDA:1,(anonymous_7)
FNDA:1,(anonymous_8)
FNDA:1,(anonymous_9)
FNDA:0,(anonymous_10)
FNDA:0,(anonymous_11)
FNDA:0,(anonymous_12)
FNDA:0,(anonymous_13)
FNDA:0,(anonymous_14)
FNDA:0,(anonymous_15)
FNDA:0,(anonymous_16)
FNDA:0,(anonymous_17)
FNDA:0,(anonymous_18)
FNDA:0,(anonymous_19)
FNDA:0,(anonymous_20)
FNDA:0,(anonymous_21)
FNDA:0,(anonymous_22)
FNDA:0,(anonymous_23)
FNDA:0,(anonymous_24)
FNDA:0,(anonymous_25)
FNDA:1,(anonymous_26)
FNDA:1,(anonymous_27)
FNDA:0,(anonymous_28)
FNDA:0,(anonymous_29)
FNDA:0,(anonymous_30)
FNDA:0,(anonymous_31)
FNDA:0,(anonymous_32)
FNDA:0,(anonymous_33)
FNDA:0,(anonymous_34)
FNDA:0,(anonymous_35)
FNDA:0,(anonymous_36)
FNDA:0,(anonymous_37)
DA:6,9
DA:7,9
DA:8,9
DA:9,9
DA:10,9
DA:11,9
DA:12,9
DA:13,9
DA:19,9
DA:37,1
DA:40,1
DA:41,1
DA:42,1
DA:44,1
DA:50,0
DA:51,0
DA:53,1
DA:54,1
DA:56,1
DA:57,1
DA:58,1
DA:59,1
DA:64,0
DA:74,0
DA:75,0
DA:77,0
DA:79,0
DA:80,0
DA:85,0
DA:87,0
DA:98,0
DA:99,0
DA:101,0
DA:102,0
DA:105,0
DA:106,0
DA:109,0
DA:110,0
DA:111,0
DA:113,0
DA:115,0
DA:116,0
DA:118,0
DA:119,0
DA:120,0
DA:123,0
DA:125,0
DA:138,0
DA:140,0
DA:141,0
DA:143,0
DA:144,0
DA:148,0
DA:149,0
DA:152,0
DA:160,0
DA:162,0
DA:172,0
DA:173,0
DA:175,0
DA:176,0
DA:180,0
DA:181,0
DA:182,0
DA:186,0
DA:188,0
DA:190,0
DA:202,0
DA:204,0
DA:205,0
DA:207,0
DA:208,0
DA:212,0
DA:216,0
DA:217,0
DA:218,0
DA:220,0
DA:221,0
DA:222,0
DA:225,0
DA:226,0
DA:236,0
DA:237,0
DA:240,0
DA:241,0
DA:242,0
DA:243,0
DA:245,0
DA:246,0
DA:247,0
DA:249,0
DA:250,0
DA:254,0
DA:268,1
DA:269,1
DA:270,1
DA:273,1
DA:274,1
DA:275,0
DA:278,1
DA:285,1
DA:286,0
DA:291,1
DA:292,1
DA:295,0
DA:296,0
DA:298,0
DA:300,0
DA:301,0
DA:303,0
DA:304,0
DA:305,0
DA:309,0
DA:311,0
DA:312,0
DA:313,0
DA:316,0
DA:317,0
DA:318,0
DA:322,1
DA:323,1
DA:324,0
DA:325,0
DA:338,0
DA:339,0
DA:340,0
DA:342,0
DA:349,0
DA:350,0
DA:355,0
DA:356,0
DA:359,0
DA:360,0
DA:362,0
DA:363,0
DA:366,0
DA:367,0
DA:371,0
DA:372,0
DA:373,0
DA:374,0
DA:386,0
DA:387,0
DA:389,0
DA:390,0
DA:391,0
DA:392,0
DA:396,0
DA:397,0
DA:398,0
DA:399,0
DA:401,0
DA:405,0
DA:406,0
DA:409,0
DA:410,0
DA:420,0
DA:421,0
DA:422,0
DA:424,0
DA:425,0
DA:428,0
DA:429,0
DA:432,0
DA:443,1
DA:456,0
DA:457,0
DA:461,0
DA:462,0
DA:463,0
DA:464,0
DA:466,0
DA:467,0
DA:468,0
DA:469,0
DA:473,0
DA:474,0
DA:475,0
DA:476,0
DA:477,0
DA:481,0
DA:482,0
DA:483,0
DA:484,0
DA:485,0
DA:486,0
DA:488,0
DA:492,0
DA:493,0
DA:496,0
DA:497,0
DA:500,0
DA:501,0
DA:508,0
DA:509,0
DA:513,0
DA:514,0
DA:515,0
DA:522,9
LF:199
LH:33
BRDA:36,0,0,0
BRDA:56,1,0,1
BRDA:56,1,1,0
BRDA:73,2,0,0
BRDA:101,3,0,0
BRDA:101,3,1,0
BRDA:105,4,0,0
BRDA:105,4,1,0
BRDA:105,5,0,0
BRDA:105,5,1,0
BRDA:105,5,2,0
BRDA:115,6,0,0
BRDA:115,6,1,0
BRDA:137,7,0,0
BRDA:143,8,0,0
BRDA:143,8,1,0
BRDA:148,9,0,0
BRDA:148,9,1,0
BRDA:175,10,0,0
BRDA:175,10,1,0
BRDA:180,11,0,0
BRDA:180,11,1,0
BRDA:201,12,0,0
BRDA:207,13,0,0
BRDA:207,13,1,0
BRDA:216,14,0,0
BRDA:216,14,1,0
BRDA:236,15,0,0
BRDA:236,15,1,0
BRDA:242,16,0,0
BRDA:242,16,1,0
BRDA:245,17,0,0
BRDA:245,17,1,0
BRDA:267,18,0,0
BRDA:270,19,0,1
BRDA:270,19,1,0
BRDA:274,20,0,0
BRDA:274,20,1,1
BRDA:279,21,0,1
BRDA:279,21,1,0
BRDA:281,22,0,1
BRDA:281,22,1,0
BRDA:285,23,0,0
BRDA:285,23,1,1
BRDA:285,24,0,1
BRDA:285,24,1,1
BRDA:285,24,2,0
BRDA:291,25,0,1
BRDA:291,25,1,0
BRDA:303,26,0,0
BRDA:303,26,1,0
BRDA:303,27,0,0
BRDA:303,27,1,0
BRDA:337,28,0,0
BRDA:340,29,0,0
BRDA:340,29,1,0
BRDA:343,30,0,0
BRDA:343,30,1,0
BRDA:345,31,0,0
BRDA:345,31,1,0
BRDA:349,32,0,0
BRDA:349,32,1,0
BRDA:349,33,0,0
BRDA:349,33,1,0
BRDA:349,33,2,0
BRDA:355,34,0,0
BRDA:355,34,1,0
BRDA:391,35,0,0
BRDA:391,35,1,0
BRDA:391,36,0,0
BRDA:391,36,1,0
BRDA:397,37,0,0
BRDA:397,37,1,0
BRDA:405,38,0,0
BRDA:405,38,1,0
BRDA:455,39,0,0
BRDA:455,40,0,0
BRDA:467,41,0,0
BRDA:467,41,1,0
BRDA:474,42,0,0
BRDA:474,42,1,0
BRDA:482,43,0,0
BRDA:482,43,1,0
BRDA:485,44,0,0
BRDA:485,44,1,0
BRDA:502,45,0,0
BRDA:502,45,1,0
BRDA:513,46,0,0
BRDA:513,46,1,0
BRF:89
BRH:9
end_of_record
TN:
SF:lib/platform.js
FN:28,(anonymous_0)
FN:54,(anonymous_1)
FN:68,(anonymous_2)
FN:84,(anonymous_3)
FN:103,(anonymous_4)
FNF:5
FNH:3
FNDA:2,(anonymous_0)
FNDA:2,(anonymous_1)
FNDA:1,(anonymous_2)
FNDA:0,(anonymous_3)
FNDA:0,(anonymous_4)
DA:10,7
DA:29,2
DA:30,2
DA:32,2
DA:33,2
DA:34,0
DA:37,2
DA:38,2
DA:39,0
DA:42,2
DA:55,2
DA:56,0
DA:59,2
DA:69,1
DA:70,0
DA:73,1
DA:74,1
DA:76,1
DA:85,0
DA:86,0
DA:87,0
DA:88,0
DA:90,0
DA:94,0
DA:95,0
DA:104,0
DA:106,0
DA:107,0
DA:108,0
DA:116,0
DA:120,7
LF:31
LH:15
BRDA:33,0,0,0
BRDA:33,0,1,2
BRDA:38,1,0,0
BRDA:38,1,1,2
BRDA:55,2,0,0
BRDA:55,2,1,2
BRDA:69,3,0,0
BRDA:69,3,1,1
BRDA:85,4,0,0
BRDA:85,4,1,0
BRDA:95,5,0,0
BRDA:95,5,1,0
BRF:12
BRH:4
end_of_record
